Resolved "preview" environment for the build. Learn more: https://docs.expo.dev/eas/environment-variables/#setting-the-environment-for-your-builds
No environment variables with visibility "Plain text" and "Sensitive" found for the "preview" environment on EAS.
Environment variables loaded from the "preview" build profile "env" configuration: SENTRY_DISABLE_AUTO_UPLOAD.



🤖 Android build
√ Using remote Android credentials (Expo server)
√ Using Keystore from configuration: Build Credentials UA2TWRmpvt (default)

Compressing project files and uploading to EAS Build. Learn more: https://expo.fyi/eas-build-archive
- Compressing project files
- Uploading to EAS Build (0 / 38.5 MB)
√ Uploaded to EAS 12s
- Computing project fingerprint
⌛️ Computing the project fingerprint is taking longer than expected...
⏩ To skip this step, set the environment variable: EAS_SKIP_AUTO_FINGERPRINT=1
√ Computed project fingerprint
Resolved "preview" environment for the build. Learn more: https://docs.expo.dev/eas/environment-variables/#setting-the-environment-for-your-builds
No environment variables with visibility "Plain text" and "Sensitive" found for the "preview" environment on EAS.
Environment variables loaded from the "preview" build profile "env" configuration: SENTRY_DISABLE_AUTO_UPLOAD.

app.json is missing ios.infoPlist.ITSAppUsesNonExemptEncryption boolean. Manual configuration is required in App Store Connect before the app can be tested.
No remote versions are configured for this project, buildNumber will be initialized based on the value from the local project.
- Initializing buildNumber with 1.
√ Initialized buildNumber with 1.

🍏 iOS build
√ Using remote iOS credentials (Expo server)

Failed to set up credentials.
You're in non-interactive mode. EAS CLI couldn't find any credentials suitable for internal distribution. Run this command again in interactive mode.
